[debug] [2023-10-30T12:04:28.622Z] ----------------------------------------------------------------------
[debug] [2023-10-30T12:04:28.625Z] Command:       C:\Program Files\nodejs\node.exe C:\Users\NN\AppData\Roaming\npm\node_modules\firebase-tools\lib\bin\firebase.js init
[debug] [2023-10-30T12:04:28.626Z] CLI Version:   12.7.0
[debug] [2023-10-30T12:04:28.626Z] Platform:      win32
[debug] [2023-10-30T12:04:28.627Z] Node Version:  v18.18.0
[debug] [2023-10-30T12:04:28.628Z] Time:          Mon Oct 30 2023 17:04:28 GMT+0500 (Pakistan Standard Time)
[debug] [2023-10-30T12:04:28.628Z] ----------------------------------------------------------------------
[debug] 
[debug] [2023-10-30T12:04:28.638Z] > command requires scopes: ["email","openid","https://www.googleapis.com/auth/cloudplatformprojects.readonly","https://www.googleapis.com/auth/firebase","https://www.googleapis.com/auth/cloud-platform"]
[debug] [2023-10-30T12:04:28.639Z] > authorizing via signed-in user (iissmailkhan@gmail.com)
[info] 
     ######## #### ########  ######## ########     ###     ######  ########
     ##        ##  ##     ## ##       ##     ##  ##   ##  ##       ##
     ######    ##  ########  ######   ########  #########  ######  ######
     ##        ##  ##    ##  ##       ##     ## ##     ##       ## ##
     ##       #### ##     ## ######## ########  ##     ##  ######  ########

You're about to initialize a Firebase project in this directory:

  H:\angular projects\crud-app

[info] 
=== Project Setup
[info] 
[info] First, let's associate this project directory with a Firebase project.
[info] You can create multiple project aliases by running firebase use --add, 
[info] but for now we'll just set up a default project.
[info] 
[debug] [2023-10-30T12:05:11.262Z] >>> [apiv2][query] GET https://firebase.googleapis.com/v1beta1/projects pageSize=100
[debug] [2023-10-30T12:05:12.509Z] <<< [apiv2][status] GET https://firebase.googleapis.com/v1beta1/projects 200
[debug] [2023-10-30T12:05:12.510Z] <<< [apiv2][body] GET https://firebase.googleapis.com/v1beta1/projects [omitted]
[info] i  Using project employees-ngapp (EmployeesDb) 
[info] 
=== Hosting Setup
[info] 
[info] Your public directory is the folder (relative to your project directory) that
[info] will contain Hosting assets to be uploaded with firebase deploy. If you
[info] have a build process for your assets, use your build's output directory.
[info] 
